[    1945ms] [VERBOSE] [DOM] Multiple forms should be contained in their own form elements; break up complex forms into ones that represent a single action: (More info: https://goo.gl/9p2vKq) %o @ https://www.namecheap.com/myaccount/login-signup/?ReturnUrl=%2fcart%2fcheckout%2fdefault.aspx:0
[    1945ms] [ERROR] Failed to load resource: the server responded with a status of 404 () @ https://files.namecheap.com/cdn/1275/assets/css/fonts/gb-icon-font.woff2:0
[    1946ms] [ERROR] Failed to load resource: the server responded with a status of 404 () @ https://files.namecheap.com/cdn/1275/assets/css/fonts/museo-sans-700-webfont.woff2:0
[    1946ms] [ERROR] Failed to load resource: the server responded with a status of 404 () @ https://files.namecheap.com/cdn/1275/assets/css/fonts/museo-sans-300-webfont.woff2:0
[    1946ms] [ERROR] Failed to load resource: the server responded with a status of 404 () @ https://files.namecheap.com/cdn/1275/assets/css/fonts/museo-sans-500-webfont.woff2:0
[    1946ms] [ERROR] Failed to load resource: the server responded with a status of 404 () @ https://files.namecheap.com/cdn/1275/assets/css/fonts/gb-icon.woff2:0
[    2292ms] Error: reCAPTCHA placeholder element must be an element or id
    at https://www.gstatic.com/recaptcha/releases/dNfi_jsbkQb4Hbw7F1b82Uia/recaptcha__en.js:680:370
    at window.onloadCallbackSignup (https://www.namecheap.com/myaccount/login-signup/?ReturnUrl=%2fcart%2fcheckout%2fdefault.aspx:1125:24)
    at nrWrapper (<anonymous>:1:16540)
[    2353ms] Uncaught SyntaxError: Invalid regular expression: /^/support(/: Unterminated group
    at String.startsWith (https://files.namecheap.com/cdn/0/assets/js/v1275.global-script.min.js:81:9061)
    at <anonymous> (https://cdn.engagement.ai/production/static/js/sdk/chatSDK.9bd9fc5a78085cdcfb47.js:0:19648)
    at isPageMatching (https://cdn.engagement.ai/production/static/js/sdk/chatSDK.9bd9fc5a78085cdcfb47.js:0:19500)
    at isPageAllowed (https://cdn.engagement.ai/production/static/js/sdk/chatSDK.9bd9fc5a78085cdcfb47.js:0:19796)
    at T.shouldRemoveWidget (https://cdn.engagement.ai/production/static/js/sdk/chatSDK.9bd9fc5a78085cdcfb47.js:0:6848)
    at T.initEngagementPlatform (https://cdn.engagement.ai/production/static/js/sdk/chatSDK.9bd9fc5a78085cdcfb47.js:0:6270)
    at T.registerHandlers (https://cdn.engagement.ai/production/static/js/sdk/chatSDK.9bd9fc5a78085cdcfb47.js:0:6503)
    at init (https://cdn.engagement.ai/production/static/js/sdk/chatSDK.9bd9fc5a78085cdcfb47.js:0:8541)
    at <anonymous> (https://cdn.engagement.ai/production/static/js/sdk/chatSDK.9bd9fc5a78085cdcfb47.js:0:32109)
    at n (https://cdn.engagement.ai/production/static/js/sdk/chatSDK.9bd9fc5a78085cdcfb47.js:0:109)
    at <anonymous> (https://cdn.engagement.ai/production/static/js/sdk/chatSDK.9bd9fc5a78085cdcfb47.js:0:901)
    at <anonymous> (https://cdn.engagement.ai/production/static/js/sdk/chatSDK.9bd9fc5a78085cdcfb47.js:0:911)
[    4045ms] [ERROR] Access to script at 'https://connect.facebook.net/en_US/fbevents.js' from origin 'https://www.namecheap.com' has been blocked by CORS policy: No 'Access-Control-Allow-Origin' header is present on the requested resource. @ https://www.namecheap.com/myaccount/login-signup/?ReturnUrl=%2fcart%2fcheckout%2fdefault.aspx:0
[    4045ms] [ERROR] Failed to load resource: net::ERR_FAILED @ https://connect.facebook.net/en_US/fbevents.js:0
[   21531ms] [ERROR] Failed to load resource: the server responded with a status of 404 () @ https://files.namecheap.com/cdn/1275/assets/css/fonts/museo-sans-700-italic-webfont.woff2:0
[   91731ms] [WARNING] GetShoppingCartSummary returned null. @ https://static.nc-img.com/uilayout2/app.a6d77156e92549162122.js:0
[   93600ms] [ERROR] Access to script at 'https://connect.facebook.net/en_US/fbevents.js' from origin 'https://www.namecheap.com' has been blocked by CORS policy: No 'Access-Control-Allow-Origin' header is present on the requested resource. @ https://www.namecheap.com/twofa/device/?ReturnUrl=%2fcart%2fcheckout%2fdefault.aspx:0
[   93600ms] [ERROR] Failed to load resource: net::ERR_FAILED @ https://connect.facebook.net/en_US/fbevents.js:0
[  708210ms] [WARNING] GetShoppingCartSummary returned null. @ https://static.nc-img.com/uilayout2/app.a6d77156e92549162122.js:0
[  708899ms] TypeError: Cannot use 'in' operator to search for 'render' in undefined
    at https://static.nc-img.com/uishoppingcart/app.ceb896bed23496a217ea.js:6:126764
    at Object.execCb (https://www.namecheap.com/shoppingcart/?message-type=ERROR&message-title=No+items+in+cart:125:26444)
    at b.check (https://www.namecheap.com/shoppingcart/?message-type=ERROR&message-title=No+items+in+cart:125:20189)
    at b.<anonymous> (https://www.namecheap.com/shoppingcart/?message-type=ERROR&message-title=No+items+in+cart:125:22610)
    at https://www.namecheap.com/shoppingcart/?message-type=ERROR&message-title=No+items+in+cart:125:14377
    at https://www.namecheap.com/shoppingcart/?message-type=ERROR&message-title=No+items+in+cart:125:23071
    at each (https://www.namecheap.com/shoppingcart/?message-type=ERROR&message-title=No+items+in+cart:125:13816)
    at b.emit (https://www.namecheap.com/shoppingcart/?message-type=ERROR&message-title=No+items+in+cart:125:23039)
    at b.check (https://www.namecheap.com/shoppingcart/?message-type=ERROR&message-title=No+items+in+cart:125:20748)
    at b.enable (https://www.namecheap.com/shoppingcart/?message-type=ERROR&message-title=No+items+in+cart:125:22937)
[  709948ms] [ERROR] Event @ https://d2jbt8279safi9.cloudfront.net/umd/main.841406bd.js:1
[  710270ms] [ERROR] Access to script at 'https://connect.facebook.net/en_US/fbevents.js' from origin 'https://www.namecheap.com' has been blocked by CORS policy: No 'Access-Control-Allow-Origin' header is present on the requested resource. @ https://www.namecheap.com/shoppingcart/?message-type=ERROR&message-title=No+items+in+cart:0
[  710270ms] [ERROR] Failed to load resource: net::ERR_FAILED @ https://connect.facebook.net/en_US/fbevents.js:0
