[   33464ms] [ERROR] Failed to load resource: the server responded with a status of 400 () @ https://premiums.namecheapapi.com/domain/Monthly%20subscription%20for%20bharatcloud.in:0
[   33465ms] [LOG] getCartItems get Premium domain price error:  Error: Request failed with status code 400 @ https://d1dijnkjnmzy2z.cloudfront.net/63.js:1
[   33608ms] [WARNING] [Meta Pixel] - Invalid parameter format for content_type. Please refer https://developers.facebook.com/docs/meta-pixel/reference/ for valid parameter specifications. @ https://d1dijnkjnmzy2z.cloudfront.net/63.js:1
[   33608ms] [WARNING] [Meta Pixel] - Invalid parameter format for value. Please refer https://developers.facebook.com/docs/meta-pixel/reference/ for valid parameter specifications. @ https://d1dijnkjnmzy2z.cloudfront.net/63.js:1
[   33612ms] [WARNING] GA queue (_gaq) is undefined @ https://d1dijnkjnmzy2z.cloudfront.net/63.js:1
[   44404ms] TypeError: Cannot use 'in' operator to search for 'render' in undefined
    at https://static.nc-img.com/uishoppingcart/app.ceb896bed23496a217ea.js:6:126764
    at Object.execCb (https://www.namecheap.com/shoppingcart/:125:26444)
    at b.check (https://www.namecheap.com/shoppingcart/:125:20189)
    at b.<anonymous> (https://www.namecheap.com/shoppingcart/:125:22610)
    at https://www.namecheap.com/shoppingcart/:125:14377
    at https://www.namecheap.com/shoppingcart/:125:23071
    at each (https://www.namecheap.com/shoppingcart/:125:13816)
    at b.emit (https://www.namecheap.com/shoppingcart/:125:23039)
    at b.check (https://www.namecheap.com/shoppingcart/:125:20748)
    at b.enable (https://www.namecheap.com/shoppingcart/:125:22937)
[   45460ms] [ERROR] Event @ https://d2jbt8279safi9.cloudfront.net/umd/main.841406bd.js:1
[   45978ms] [ERROR] Access to script at 'https://connect.facebook.net/en_US/fbevents.js' from origin 'https://www.namecheap.com' has been blocked by CORS policy: No 'Access-Control-Allow-Origin' header is present on the requested resource. @ https://www.namecheap.com/shoppingcart/:0
[   45978ms] [ERROR] Failed to load resource: net::ERR_FAILED @ https://connect.facebook.net/en_US/fbevents.js:0
[   95790ms] [ERROR] Access to script at 'https://connect.facebook.net/en_US/fbevents.js' from origin 'https://ap.www.namecheap.com' has been blocked by CORS policy: No 'Access-Control-Allow-Origin' header is present on the requested resource. @ https://ap.www.namecheap.com/dashboard?_gl=1*1gotgss*_gcl_au*MjE0MDYyNjQxNy4xNzc4MTMyMTU2*_ga*MTg2MDM2NjU1NC4xNzc4MTMyMTU4*_ga_7DMJMG20P8*czE3NzgxMzIxNTgkbzEkZzEkdDE3NzgxMzMwNzQkajE1JGwwJGgw:0
[   95790ms] [ERROR] Failed to load resource: net::ERR_FAILED @ https://connect.facebook.net/en_US/fbevents.js:0
[  127514ms] [ERROR] Failed to load resource: the server responded with a status of 400 () @ https://premiums.namecheapapi.com/domain/Monthly%20subscription%20for%20bharatcloud.in:0
[  127515ms] [LOG] getCartItems get Premium domain price error:  Error: Request failed with status code 400 @ https://d1dijnkjnmzy2z.cloudfront.net/63.js:1
[  127660ms] [WARNING] [Meta Pixel] - Invalid parameter format for content_type. Please refer https://developers.facebook.com/docs/meta-pixel/reference/ for valid parameter specifications. @ https://d1dijnkjnmzy2z.cloudfront.net/63.js:1
[  127661ms] [WARNING] [Meta Pixel] - Invalid parameter format for value. Please refer https://developers.facebook.com/docs/meta-pixel/reference/ for valid parameter specifications. @ https://d1dijnkjnmzy2z.cloudfront.net/63.js:1
[  127664ms] [WARNING] GA queue (_gaq) is undefined @ https://d1dijnkjnmzy2z.cloudfront.net/63.js:1
[  134821ms] TypeError: Cannot use 'in' operator to search for 'render' in undefined
    at https://static.nc-img.com/uishoppingcart/app.ceb896bed23496a217ea.js:6:126764
    at Object.execCb (https://www.namecheap.com/shoppingcart/:125:26444)
    at b.check (https://www.namecheap.com/shoppingcart/:125:20189)
    at b.<anonymous> (https://www.namecheap.com/shoppingcart/:125:22610)
    at https://www.namecheap.com/shoppingcart/:125:14377
    at https://www.namecheap.com/shoppingcart/:125:23071
    at each (https://www.namecheap.com/shoppingcart/:125:13816)
    at b.emit (https://www.namecheap.com/shoppingcart/:125:23039)
    at b.check (https://www.namecheap.com/shoppingcart/:125:20748)
    at b.enable (https://www.namecheap.com/shoppingcart/:125:22937)
[  135884ms] [ERROR] Event @ https://d2jbt8279safi9.cloudfront.net/umd/main.841406bd.js:1
[  136418ms] [ERROR] Access to script at 'https://connect.facebook.net/en_US/fbevents.js' from origin 'https://www.namecheap.com' has been blocked by CORS policy: No 'Access-Control-Allow-Origin' header is present on the requested resource. @ https://www.namecheap.com/shoppingcart/:0
[  136418ms] [ERROR] Failed to load resource: net::ERR_FAILED @ https://connect.facebook.net/en_US/fbevents.js:0
[  161208ms] TypeError: Cannot use 'in' operator to search for 'render' in undefined
    at https://static.nc-img.com/uishoppingcart/app.ceb896bed23496a217ea.js:6:126764
    at Object.execCb (https://www.namecheap.com/shoppingcart/?message-type=ERROR&message-title=No+items+in+cart:125:26444)
    at b.check (https://www.namecheap.com/shoppingcart/?message-type=ERROR&message-title=No+items+in+cart:125:20189)
    at b.<anonymous> (https://www.namecheap.com/shoppingcart/?message-type=ERROR&message-title=No+items+in+cart:125:22610)
    at https://www.namecheap.com/shoppingcart/?message-type=ERROR&message-title=No+items+in+cart:125:14377
    at https://www.namecheap.com/shoppingcart/?message-type=ERROR&message-title=No+items+in+cart:125:23071
    at each (https://www.namecheap.com/shoppingcart/?message-type=ERROR&message-title=No+items+in+cart:125:13816)
    at b.emit (https://www.namecheap.com/shoppingcart/?message-type=ERROR&message-title=No+items+in+cart:125:23039)
    at b.check (https://www.namecheap.com/shoppingcart/?message-type=ERROR&message-title=No+items+in+cart:125:20748)
    at b.enable (https://www.namecheap.com/shoppingcart/?message-type=ERROR&message-title=No+items+in+cart:125:22937)
[  162263ms] [ERROR] Event @ https://d2jbt8279safi9.cloudfront.net/umd/main.841406bd.js:1
[  162788ms] [ERROR] Access to script at 'https://connect.facebook.net/en_US/fbevents.js' from origin 'https://www.namecheap.com' has been blocked by CORS policy: No 'Access-Control-Allow-Origin' header is present on the requested resource. @ https://www.namecheap.com/shoppingcart/?message-type=ERROR&message-title=No+items+in+cart:0
[  162788ms] [ERROR] Failed to load resource: net::ERR_FAILED @ https://connect.facebook.net/en_US/fbevents.js:0
